<?xml version="1.0" encoding="UTF-8" ?>
<testsuite tests="1" failures="0" name="batchTest.TestRunner" time="71.093" errors="0" skipped="1">
  <properties>
[...]
</properties>
  <testcase classname="Pixel Store" name="Search a product" time="71.093">
    <skipped/>
    <system-out>3
About 0 Items Found
About 0 Items Found
About 0 Items Found
</system-out>
    <system-err>Starting ChromeDriver 79.0.3945.36 (3582db32b33893869b8c1339e8f4d9ed1816f143-refs/branch-heads/3945@{#614}) on port 34884
Only local connections are allowed.
Please protect ports used by ChromeDriver and related test frameworks to prevent access by malicious code.
[1580360241.969][WARNING]: Timed out connecting to Chrome, retrying...
Jan 30, 2020 10:27:24 AM org.openqa.selenium.remote.ProtocolHandshake createSession
INFO: Detected dialect: W3C
[1580360246.100][WARNING]: Timed out connecting to Chrome, retrying...
</system-err>
  </testcase>
</testsuite>